#
# There is insufficient memory for the Java Runtime Environment to continue.
# Native memory allocation (mmap) failed to map 264241152 bytes for Failed to commit area from 0x0000000704000000 to 0x0000000713c00000 of length 264241152.
# Possible reasons:
#   The system is out of physical RAM or swap space
#   The process is running with CompressedOops enabled, and the Java Heap may be blocking the growth of the native heap
# Possible solutions:
#   Reduce memory load on the system
#   Increase physical memory or swap space
#   Check if swap backing store is full
#   Decrease Java heap size (-Xmx/-Xms)
#   Decrease number of Java threads
#   Decrease Java thread stack sizes (-Xss)
#   Set larger code cache with -XX:ReservedCodeCacheSize=
# This output file may be truncated or incomplete.
#
#  Out of Memory Error (./open/src/hotspot/os/windows/os_windows.cpp:3292), pid=17316, tid=12704
#
# JRE version:  (11.0.18+9) (build )
# Java VM: Java HotSpot(TM) 64-Bit Server VM (11.0.18+9-LTS-195, mixed mode, sharing, tiered, compressed oops, g1 gc, windows-amd64)
# No core dump will be written. Minidumps are not enabled by default on client versions of Windows
#

---------------  S U M M A R Y ------------

Command Line: -javaagent:C:\Program Files\JetBrains\IntelliJ IDEA Community Edition 2022.3.2\lib\idea_rt.jar=36320:C:\Program Files\JetBrains\IntelliJ IDEA Community Edition 2022.3.2\bin -Dfile.encoding=UTF-8 MineralTransportation

Host: 11th Gen Intel(R) Core(TM) i5-11400H @ 2.70GHz, 12 cores, 15G,  Windows 10 , 64 bit Build 19041 (10.0.19041.2788)
Time: Tue Apr 25 23:10:10 2023  Windows 10 , 64 bit Build 19041 (10.0.19041.2788) elapsed time: 0.008971 seconds (0d 0h 0m 0s)

---------------  T H R E A D  ---------------

Current thread (0x0000021bf788d000):  JavaThread "Unknown thread" [_thread_in_vm, id=12704, stack(0x000000b953100000,0x000000b953200000)]

Stack: [0x000000b953100000,0x000000b953200000]
Native frames: (J=compiled Java code, j=interpreted, Vv=VM code, C=native code)
V  [jvm.dll+0x65d8aa]
V  [jvm.dll+0x79fc1f]
V  [jvm.dll+0x7a12e9]
V  [jvm.dll+0x7a1983]
V  [jvm.dll+0x2585b5]
V  [jvm.dll+0x65ac09]
V  [jvm.dll+0x64f8e5]
V  [jvm.dll+0x311d4d]
V  [jvm.dll+0x311bb2]
V  [jvm.dll+0x3167e6]
V  [jvm.dll+0x35e8d0]
V  [jvm.dll+0x35e342]
V  [jvm.dll+0x2ed488]
V  [jvm.dll+0x2ee595]
V  [jvm.dll+0x779257]
V  [jvm.dll+0x77ab3f]
V  [jvm.dll+0x36bb59]
V  [jvm.dll+0x75dd4f]
V  [jvm.dll+0x3dd5b7]
V  [jvm.dll+0x3df661]
C  [jli.dll+0x52e7]
C  [ucrtbase.dll+0x21bb2]
C  [KERNEL32.DLL+0x17604]
C  [ntdll.dll+0x526a1]


---------------  P R O C E S S  ---------------

Threads class SMR info:
_java_thread_list=0x0000021bf55e1690, length=0, elements={
}

Java Threads: ( => current thread )

Other Threads:
  0x0000021bf78a2000 GCTaskThread "GC Thread#0" [stack: 0x000000b953200000,0x000000b953300000] [id=13976]
  0x0000021bf78fe800 ConcurrentGCThread "G1 Main Marker" [stack: 0x000000b953300000,0x000000b953400000] [id=2592]
  0x0000021bf7901000 ConcurrentGCThread "G1 Conc#0" [stack: 0x000000b953400000,0x000000b953500000] [id=16564]

[error occurred during error reporting (printing all threads), id 0xc0000005, EXCEPTION_ACCESS_VIOLATION (0xc0000005) at pc=0x00007ff9569cded7]

VM state:not at safepoint (not fully initialized)

VM Mutex/Monitor currently owned by a thread:  ([mutex/lock_event])
[0x0000021bf7889180] Heap_lock - owner thread: 0x0000021bf788d000

Heap address: 0x0000000704000000, size: 4032 MB, Compressed Oops mode: Non-zero based: 0x0000000704000000
Narrow klass base: 0x0000000000000000, Narrow klass shift: 0

GC Heap History (0 events):
No events

Deoptimization events (0 events):
No events

Classes redefined (0 events):
No events

Internal exceptions (0 events):
No events

Events (0 events):
No events


Dynamic libraries:
0x00007ff602050000 - 0x00007ff602060000 	C:\Program Files\Java\jdk-11\bin\java.exe
0x00007ff99f970000 - 0x00007ff99fb68000 	C:\Windows\SYSTEM32\ntdll.dll
0x00007ff99f7a0000 - 0x00007ff99f85f000 	C:\Windows\System32\KERNEL32.DLL
0x00007ff99d160000 - 0x00007ff99d43a000 	C:\Windows\System32\KERNELBASE.dll
0x00007ff99d7a0000 - 0x00007ff99d8a0000 	C:\Windows\System32\ucrtbase.dll
0x00007ff994930000 - 0x00007ff99494b000 	C:\Program Files\Java\jdk-11\bin\VCRUNTIME140.dll
0x00007ff996640000 - 0x00007ff996658000 	C:\Program Files\Java\jdk-11\bin\jli.dll
0x00007ff99f6f0000 - 0x00007ff99f79e000 	C:\Windows\System32\ADVAPI32.dll
0x00007ff99eda0000 - 0x00007ff99ee3e000 	C:\Windows\System32\msvcrt.dll
0x00007ff99f650000 - 0x00007ff99f6ec000 	C:\Windows\System32\sechost.dll
0x00007ff99ebc0000 - 0x00007ff99ece6000 	C:\Windows\System32\RPCRT4.dll
0x00007ff99dad0000 - 0x00007ff99dc6d000 	C:\Windows\System32\USER32.dll
0x00007ff99d720000 - 0x00007ff99d742000 	C:\Windows\System32\win32u.dll
0x00007ff98be70000 - 0x00007ff98c10a000 	C:\Windows\WinSxS\amd64_microsoft.windows.common-controls_6595b64144ccf1df_6.0.19041.1110_none_60b5254171f9507e\COMCTL32.dll
0x00007ff99d9d0000 - 0x00007ff99d9fb000 	C:\Windows\System32\GDI32.dll
0x00007ff99d610000 - 0x00007ff99d720000 	C:\Windows\System32\gdi32full.dll
0x00007ff99d8a0000 - 0x00007ff99d93d000 	C:\Windows\System32\msvcp_win.dll
0x00007ff992ed0000 - 0x00007ff992eda000 	C:\Windows\SYSTEM32\VERSION.dll
0x00007ff99e640000 - 0x00007ff99e670000 	C:\Windows\System32\IMM32.DLL
0x00007ff9967d0000 - 0x00007ff9967dc000 	C:\Program Files\Java\jdk-11\bin\vcruntime140_1.dll
0x00007ff992950000 - 0x00007ff9929de000 	C:\Program Files\Java\jdk-11\bin\msvcp140.dll
0x00007ff9566d0000 - 0x00007ff957238000 	C:\Program Files\Java\jdk-11\bin\server\jvm.dll
0x00007ff99eb50000 - 0x00007ff99eb58000 	C:\Windows\System32\PSAPI.DLL
0x00007ff988c40000 - 0x00007ff988c67000 	C:\Windows\SYSTEM32\WINMM.dll
0x00007ff992620000 - 0x00007ff992629000 	C:\Windows\SYSTEM32\WSOCK32.dll
0x00007ff99eae0000 - 0x00007ff99eb4b000 	C:\Windows\System32\WS2_32.dll
0x00007ff99b8d0000 - 0x00007ff99b8e2000 	C:\Windows\SYSTEM32\kernel.appcore.dll
0x00007ff995b80000 - 0x00007ff995b90000 	C:\Program Files\Java\jdk-11\bin\verify.dll
0x00007ff99ae50000 - 0x00007ff99b034000 	C:\Windows\SYSTEM32\DBGHELP.DLL
0x00007ff992220000 - 0x00007ff992254000 	C:\Windows\SYSTEM32\dbgcore.DLL
0x00007ff99d940000 - 0x00007ff99d9c2000 	C:\Windows\System32\bcryptPrimitives.dll
0x00007ff9934e0000 - 0x00007ff993508000 	C:\Program Files\Java\jdk-11\bin\java.dll
0x00007ff9949e0000 - 0x00007ff9949ea000 	C:\Program Files\Java\jdk-11\bin\jimage.dll
0x00007ff993c90000 - 0x00007ff993c9e000 	C:\Program Files\Java\jdk-11\bin\instrument.dll
0x00007ff9944e0000 - 0x00007ff9944f7000 	C:\Program Files\Java\jdk-11\bin\zip.dll

dbghelp: loaded successfully - version: 4.0.5 - missing functions: none
symbol engine: initialized successfully - sym options: 0x614 - pdb path: .;C:\Program Files\Java\jdk-11\bin;C:\Windows\SYSTEM32;C:\Windows\WinSxS\amd64_microsoft.windows.common-controls_6595b64144ccf1df_6.0.19041.1110_none_60b5254171f9507e;C:\Program Files\Java\jdk-11\bin\server

VM Arguments:
jvm_args: -javaagent:C:\Program Files\JetBrains\IntelliJ IDEA Community Edition 2022.3.2\lib\idea_rt.jar=36320:C:\Program Files\JetBrains\IntelliJ IDEA Community Edition 2022.3.2\bin -Dfile.encoding=UTF-8 
java_command: MineralTransportation
java_class_path (initial): C:\Users\tovt2\IdeaProjects\lab6.1\out\production\lab6.1
Launcher Type: SUN_STANDARD

[Global flags]
     intx CICompilerCount                          = 4                                         {product} {ergonomic}
     uint ConcGCThreads                            = 3                                         {product} {ergonomic}
     uint G1ConcRefinementThreads                  = 10                                        {product} {ergonomic}
   size_t G1HeapRegionSize                         = 1048576                                   {product} {ergonomic}
    uintx GCDrainStackTargetSize                   = 64                                        {product} {ergonomic}
   size_t InitialHeapSize                          = 264241152                                 {product} {ergonomic}
   size_t MarkStackSize                            = 4194304                                   {product} {ergonomic}
   size_t MaxHeapSize                              = 4227858432                                {product} {ergonomic}
   size_t MinHeapDeltaBytes                        = 1048576                                   {product} {ergonomic}
    uintx NonNMethodCodeHeapSize                   = 5836300                                {pd product} {ergonomic}
    uintx NonProfiledCodeHeapSize                  = 122910970                              {pd product} {ergonomic}
    uintx ProfiledCodeHeapSize                     = 122910970                              {pd product} {ergonomic}
    uintx ReservedCodeCacheSize                    = 251658240                              {pd product} {ergonomic}
     bool SegmentedCodeCache                       = true                                      {product} {ergonomic}
     bool UseCompressedClassPointers               = true                                 {lp64_product} {ergonomic}
     bool UseCompressedOops                        = true                                 {lp64_product} {ergonomic}
     bool UseG1GC                                  = true                                      {product} {ergonomic}
     bool UseLargePagesIndividualAllocation        = false                                  {pd product} {ergonomic}

Logging:
Log output configuration:
 #0: stdout all=warning uptime,level,tags
 #1: stderr all=off uptime,level,tags

Environment Variables:
PATH=C:\Program Files\Common Files\Oracle\Java\javapath;C:\ProgramData\Oracle\Java\javapath;C:\Windows\system32;C:\Windows;C:\Windows\System32\Wbem;C:\Windows\System32\WindowsPowerShell\v1.0\;C:\Windows\System32\OpenSSH\;C:\Program Files (x86)\NVIDIA Corporation\PhysX\Common;C:\Program Files\NVIDIA Corporation\NVIDIA NvDLISR;C:\Program Files\dotnet\;C:\Program Files\Git\cmd;C:\Users\tovt2\AppData\Local\Programs\Python\Python310\Scripts\;C:\Users\tovt2\AppData\Local\Programs\Python\Python310\;D:\навчання\Scripts\;D:\навчання\;C:\Users\tovt2\AppData\Local\Microsoft\WindowsApps;;C:\Users\tovt2\AppData\Local\Programs\Microsoft VS Code\bin
USERNAME=tovt2
OS=Windows_NT
PROCESSOR_IDENTIFIER=Intel64 Family 6 Model 141 Stepping 1, GenuineIntel



---------------  S Y S T E M  ---------------

OS: Windows 10 , 64 bit Build 19041 (10.0.19041.2788)

CPU:total 12 (initial active 12) (6 cores per cpu, 2 threads per core) family 6 model 141 stepping 1 microcode 0x34, cmov, cx8, fxsr, mmx, sse, sse2, sse3, ssse3, sse4.1, sse4.2, popcnt, avx, avx2, aes, clmul, erms, 3dnowpref, lzcnt, ht, tsc, tscinvbit, bmi1, bmi2, adx, evex, sha, fma

Memory: 4k page, system-wide physical 16122M (840M free)
TotalPageFile size 19024M (AvailPageFile size 184M)
current process WorkingSet (physical memory assigned to process): 10M, peak: 10M
current process commit charge ("private bytes"): 64M, peak: 316M

vm_info: Java HotSpot(TM) 64-Bit Server VM (11.0.18+9-LTS-195) for windows-amd64 JRE (11.0.18+9-LTS-195), built on Dec  6 2022 15:50:58 by "mach5one" with MS VC++ 17.1 (VS2022)

END.
